[vokoscreenNG] Version: 3.0.4
[vokoscreenNG] Locale: en_US
[vokoscreenNG] Log from: 2020-05-20 23:05:46
[vokoscreenNG] Country: United States
[vokoscreenNG] Qt: 5.14.2
[vokoscreenNG] GStreamer 1.16.2
[vokoscreenNG] Operating system: Manjaro Linux
[vokoscreenNG] CPU Architecture: x86_64
[vokoscreenNG] vokoscreenNG running as: xcb client
[vokoscreenNG] vokoscreenNG running on: x11
[vokoscreenNG] Desktop: XFCE
[vokoscreenNG] Icon-Theme: Papirus-Maia
[vokoscreenNG] Styles: (bb10dark, bb10bright, kvantum-dark, kvantum, cleanlooks, gtk2, cde, motif, plastique, qt5ct-style, Windows, Fusion)
[vokoscreenNG] Qt-PluginsPath:      /usr/lib/qt/plugins
[vokoscreenNG] Qt-TranslationsPath: /usr/share/qt/translations
[vokoscreenNG] Qt-LibraryPath:      /usr/lib
[vokoscreenNG] Settings: /home/efrem/.config/vokoscreenNG/vokoscreenNG.ini
[vokoscreenNG] Log: /home/efrem/.config/vokoscreenNG/log/2020_05_20_23_05_45.log
[vokoscreenNG] CompositingManager running: true

[vokoscreenNG] [PulseAudio] Found: Monitor of Dell Universal Dock D6000 Analog Stereo Device: alsa_output.usb-DisplayLink_Dell_Universal_Dock_D6000_1706220481-02.analog-stereo.monitor
[vokoscreenNG] [PulseAudio] Found: Dell Universal Dock D6000 Analog Stereo Device: alsa_input.usb-DisplayLink_Dell_Universal_Dock_D6000_1706220481-02.analog-stereo
[vokoscreenNG] [PulseAudio] Found: Monitor of Built-in Audio Analog Stereo Device: alsa_output.pci-0000_00_1b.0.analog-stereo.monitor
[vokoscreenNG] [PulseAudio] Found: Built-in Audio Analog Stereo Device: alsa_input.pci-0000_00_1b.0.analog-stereo
[vokoscreenNG] [PulseAudio] Found: Monitor of Mpow H3 Headphones Device: bluez_sink.FC_58_FA_70_45_63.a2dp_sink.monitor

D-Bus system tray: no
[vokoscreenNG] Symbols: + available, - not available
[vokoscreenNG] + matroskamux
[vokoscreenNG] + webmmux
[vokoscreenNG] + avimux
[vokoscreenNG] + mp4mux
[vokoscreenNG] + qtmux
[vokoscreenNG] + x264enc
[vokoscreenNG] - openh264enc
[vokoscreenNG] - vaapih264enc
[vokoscreenNG] - vaapimpeg2enc
[vokoscreenNG] + vp8enc
[vokoscreenNG] + vorbisenc
[vokoscreenNG] + flacenc
[vokoscreenNG] + opusenc
[vokoscreenNG] + lamemp3enc
[vokoscreenNG] + faac

[vokoscreenNG] + ximagesrc
[vokoscreenNG] + pulsesrc
[vokoscreenNG] + pipewiresrc
[vokoscreenNG] + queue
[vokoscreenNG] + capsfilter
[vokoscreenNG] + videoconvert
[vokoscreenNG] + videorate
[vokoscreenNG] + audioconvert
[vokoscreenNG] + audiorate
[vokoscreenNG] + filesink
[vokoscreenNG] + videoscale
[vokoscreenNG] + h264parse
[vokoscreenNG] + adder

[vokoscreenNG] Name from screen:  HDMI-1-1
[vokoscreenNG] Screen available desktop width : 1920
[vokoscreenNG] Screen available desktop height: 1200
[vokoscreenNG] DevicePixelRatio: 1  (Normal displays is 1, Retina display is 2)
[vokoscreenNG] Vertical refresh rate of the screen in Hz: 59.9502
[vokoscreenNG] Screen orientation Qt::LandscapeOrientation
[vokoscreenNG] Color depth of the screen:  24
[vokoscreenNG] Model from screen:  DELL 2408WFP-
[vokoscreenNG] Manufactur from screen:  Dell Inc.
[vokoscreenNG] SerialNumber from screen:  G283H8BC1W2S-
[vokoscreenNG] ItemText in Combobox: HDMI-1-1 :  1920 x 1200
[vokoscreenNG] ItemData in Combobox: x=0 y=284 with=1920 height=1200

[vokoscreenNG] Name from screen:  VGA1
[vokoscreenNG] Screen available desktop width : 1050
[vokoscreenNG] Screen available desktop height: 1680
[vokoscreenNG] DevicePixelRatio: 1  (Normal displays is 1, Retina display is 2)
[vokoscreenNG] Vertical refresh rate of the screen in Hz: 59.9543
[vokoscreenNG] Screen orientation Qt::PortraitOrientation
[vokoscreenNG] Color depth of the screen:  24
[vokoscreenNG] Model from screen:  DELL 2005FPW-
[vokoscreenNG] Manufactur from screen:  Dell Inc.
[vokoscreenNG] SerialNumber from screen:  T613056F0WPL-
[vokoscreenNG] ItemText in Combobox: VGA1 :  1050 x 1680
[vokoscreenNG] ItemData in Combobox: x=1920 y=0 with=1050 height=1680

[vokoscreenNG] [Camera} Found: ASUS USB2.0 Webcam: ASUS USB2.0 /dev/video0
[vokoscreenNG] Desktop session is a X11 session
radioButtonScreencastFullscreen=false
radioButtonScreencastArea=false
radioButtonScreencastWindow=true
checkBoxCameraOnOff=false
checkBoxCameraMirrorVertical=false
checkBoxCameraMirrorHorizontal=false
checkBoxCameraInvert=false
checkBoxCameraGray=false
checkBoxCameraMono=false
checkBoxCameraWindowFrame=false
checkBoxMouseCursorOnOff=false
checkBoxShowInSystray=true
checkBoxShowInSystrayAlternative=true
checkBoxMinimizedWhenRecordingStarts=false
checkBoxStartsMinimized=false
checkBoxResetAtNextStart=false
checkBoxLookForUpdates=true
checkBoxMagnifier=false
checkboxAudioDevice-0=false
checkboxAudioDevice-1=false
checkboxAudioDevice-2=false
checkboxAudioDevice-3=true
checkboxAudioDevice-4=true
comboBoxCamera=ASUS USB2.0 Webcam: ASUS USB2.0
comboBoxx264Preset=superfast
comboBoxAudioCodec=vorbis
comboBoxFormat=mkv
comboBoxVideoCodec=x264
comboBoxOnlineHelp=Automatically
comboBoxScreencastScreen=HDMI-1-1 :  1920 x 1200
comboBoxAreaSize=1280 x 720 HD-720 16 : 9
comboBoxScreencastScreenArea=HDMI-1-1 :  1920 x 1200
sliderVolume=70
sliderVideo=0
sliderCameraWindowSize=2
sliderFrames=25
sliderX264=17
sliderOpenh264=23
sliderLimitOfFreeDiskSpace=250
sliderShowInSystrayAlternative=48
sliderSecondWaitBeforeRecording=1
sliderHour=0
sliderMinute=0
sliderStopRecordingAfterHouers=0
sliderStopRecordingAfterMinutes=0
sliderStopRecordingAfterSeconds=15
sliderScreencastCountDown=0
sliderMagnification=2
lineEditVideoPath=/home/efrem/Videos
[vokoscreenNG] Start record with: ximagesrc display-name=:0.0 use-damage=false show-pointer=true xid=132120590 ! video/x-raw, framerate=25/1 ! videoconvert ! videorate ! videoscale ! video/x-raw, width=778, height=428 ! x264enc qp-min=17 qp-max=17 speed-preset=superfast threads=8 ! video/x-h264, profile=baseline ! queue ! mux. pulsesrc device=alsa_input.pci-0000_00_1b.0.analog-stereo ! audio/x-raw, channels=2 ! queue ! mix. pulsesrc device=bluez_sink.FC_58_FA_70_45_63.a2dp_sink.monitor ! audio/x-raw, channels=2 ! queue ! mix. adder name=mix ! audioconvert ! audiorate ! vorbisenc ! queue ! mux. matroskamux name=mux writing-app=vokoscreenNG_3.0.4 ! filesink location="/home/efrem/Videos/vokoscreenNG-2020-05-20_23-15-32.mkv"
 
gst-launch-1.0 -e \
    ximagesrc display-name=:0.0 use-damage=false show-pointer=true xid=132120590 \
        ! video/x-raw, framerate=25/1 \
        ! videoconvert \
        ! videorate \
        ! videoscale \
        ! video/x-raw, width=778, height=428 \
        ! x264enc qp-min=17 qp-max=17 speed-preset=superfast threads=8 \
        ! video/x-h264, profile=baseline \
        ! queue \
        ! mux. \
    pulsesrc device=alsa_input.pci-0000_00_1b.0.analog-stereo \
        ! audio/x-raw, channels=2 \
        ! queue \
        ! mix. \
    pulsesrc device=bluez_sink.FC_58_FA_70_45_63.a2dp_sink.monitor \
        ! audio/x-raw, channels=2 \
        ! queue \
        ! mix. \
    adder name=mix \
        ! audioconvert \
        ! audiorate \
        ! vorbisenc \
        ! queue \
        ! mux. \
    matroskamux name=mux writing-app=vokoscreenNG_3.0.4 \
        ! filesink location="/home/efrem/Videos/vokoscreenNG-2020-05-20_23-15-32.mkv"

[vokoscreenNG] Stop record
radioButtonScreencastFullscreen=false
radioButtonScreencastArea=false
radioButtonScreencastWindow=true
checkBoxCameraOnOff=false
checkBoxCameraMirrorVertical=false
checkBoxCameraMirrorHorizontal=false
checkBoxCameraInvert=false
checkBoxCameraGray=false
checkBoxCameraMono=false
checkBoxCameraWindowFrame=false
checkBoxMouseCursorOnOff=false
checkBoxShowInSystray=true
checkBoxShowInSystrayAlternative=true
checkBoxMinimizedWhenRecordingStarts=false
checkBoxStartsMinimized=false
checkBoxResetAtNextStart=false
checkBoxLookForUpdates=true
checkBoxMagnifier=false
checkboxAudioDevice-0=false
checkboxAudioDevice-1=false
checkboxAudioDevice-2=true
checkboxAudioDevice-3=false
checkboxAudioDevice-4=false
comboBoxCamera=ASUS USB2.0 Webcam: ASUS USB2.0
comboBoxx264Preset=superfast
comboBoxAudioCodec=vorbis
comboBoxFormat=mkv
comboBoxVideoCodec=x264
comboBoxOnlineHelp=Automatically
comboBoxScreencastScreen=HDMI-1-1 :  1920 x 1200
comboBoxAreaSize=1280 x 720 HD-720 16 : 9
comboBoxScreencastScreenArea=HDMI-1-1 :  1920 x 1200
sliderVolume=70
sliderVideo=0
sliderCameraWindowSize=2
sliderFrames=25
sliderX264=17
sliderOpenh264=23
sliderLimitOfFreeDiskSpace=250
sliderShowInSystrayAlternative=48
sliderSecondWaitBeforeRecording=1
sliderHour=0
sliderMinute=0
sliderStopRecordingAfterHouers=0
sliderStopRecordingAfterMinutes=0
sliderStopRecordingAfterSeconds=15
sliderScreencastCountDown=0
sliderMagnification=2
lineEditVideoPath=/home/efrem/Videos
[vokoscreenNG] Start record with: ximagesrc display-name=:0.0 use-damage=false show-pointer=true xid=132120590 ! video/x-raw, framerate=25/1 ! videoconvert ! videorate ! videoscale ! video/x-raw, width=778, height=428 ! x264enc qp-min=17 qp-max=17 speed-preset=superfast threads=8 ! video/x-h264, profile=baseline ! queue ! mux. pulsesrc device=alsa_output.pci-0000_00_1b.0.analog-stereo.monitor ! audio/x-raw, channels=2 ! audioconvert ! audiorate ! vorbisenc ! queue ! mux. matroskamux name=mux writing-app=vokoscreenNG_3.0.4 ! filesink location="/home/efrem/Videos/vokoscreenNG-2020-05-20_23-16-01.mkv"
 
gst-launch-1.0 -e \
    ximagesrc display-name=:0.0 use-damage=false show-pointer=true xid=132120590 \
        ! video/x-raw, framerate=25/1 \
        ! videoconvert \
        ! videorate \
        ! videoscale \
        ! video/x-raw, width=778, height=428 \
        ! x264enc qp-min=17 qp-max=17 speed-preset=superfast threads=8 \
        ! video/x-h264, profile=baseline \
        ! queue \
        ! mux. \
    pulsesrc device=alsa_output.pci-0000_00_1b.0.analog-stereo.monitor \
        ! audio/x-raw, channels=2 \
        ! audioconvert \
        ! audiorate \
        ! vorbisenc \
        ! queue \
        ! mux. \
    matroskamux name=mux writing-app=vokoscreenNG_3.0.4 \
        ! filesink location="/home/efrem/Videos/vokoscreenNG-2020-05-20_23-16-01.mkv"

[vokoscreenNG] Stop record
[vokoscreenNG] play video with vokoplayer
[vokoplayer] QMediaPlayer::PlayingState
[vokoplayer] QMediaPlayer::PausedState
[vokoplayer] QMediaPlayer::PlayingState
[vokoplayer] QMediaPlayer::StoppedState
[vokoscreenNG] play video with vokoplayer
[vokoplayer] QMediaPlayer::PlayingState
[vokoplayer] QMediaPlayer::StoppedState
radioButtonScreencastFullscreen=true
radioButtonScreencastArea=false
radioButtonScreencastWindow=false
checkBoxCameraOnOff=false
checkBoxCameraMirrorVertical=false
checkBoxCameraMirrorHorizontal=false
checkBoxCameraInvert=false
checkBoxCameraGray=false
checkBoxCameraMono=false
checkBoxCameraWindowFrame=false
checkBoxShowInSystray=true
checkBoxShowInSystrayAlternative=true
checkBoxMinimizedWhenRecordingStarts=false
checkBoxStartsMinimized=false
checkBoxResetAtNextStart=false
checkBoxLookForUpdates=true
checkBoxMouseCursorOnOff=false
checkboxAudioDevice-0=false
checkboxAudioDevice-1=false
checkboxAudioDevice-2=true
checkboxAudioDevice-3=true
checkboxAudioDevice-4=false
checkBoxMagnifier=false
comboBoxCamera=ASUS USB2.0 Webcam: ASUS USB2.0
comboBoxOnlineHelp=Automatically
comboBoxx264Preset=superfast
comboBoxAudioCodec=vorbis
comboBoxFormat=mkv
comboBoxVideoCodec=x264
comboBoxScreencastScreen=HDMI-1-1 :  1920 x 1200
comboBoxAreaSize=1280 x 720 HD-720 16 : 9
comboBoxScreencastScreenArea=HDMI-1-1 :  1920 x 1200
sliderVolume=61
sliderVideo=0
sliderCameraWindowSize=2
sliderLimitOfFreeDiskSpace=250
sliderShowInSystrayAlternative=48
sliderSecondWaitBeforeRecording=1
sliderFrames=25
sliderX264=17
sliderOpenh264=23
sliderHour=0
sliderMinute=0
sliderStopRecordingAfterHouers=0
sliderStopRecordingAfterMinutes=0
sliderStopRecordingAfterSeconds=15
sliderScreencastCountDown=0
sliderMagnification=2
lineEditVideoPath=/home/efrem/Videos
[vokoscreenNG] Start record with: ximagesrc display-name=:0.0 use-damage=false show-pointer=true startx=0 starty=284 endx=1919 endy=1483 ! video/x-raw, framerate=25/1 ! videoconvert ! videorate ! videoscale ! video/x-raw, width=1920, height=1200 ! x264enc qp-min=17 qp-max=17 speed-preset=superfast threads=8 ! video/x-h264, profile=baseline ! queue ! mux. pulsesrc device=alsa_output.pci-0000_00_1b.0.analog-stereo.monitor ! audio/x-raw, channels=2 ! queue ! mix. pulsesrc device=alsa_input.pci-0000_00_1b.0.analog-stereo ! audio/x-raw, channels=2 ! queue ! mix. adder name=mix ! audioconvert ! audiorate ! vorbisenc ! queue ! mux. matroskamux name=mux writing-app=vokoscreenNG_3.0.4 ! filesink location="/home/efrem/Videos/vokoscreenNG-2020-05-20_23-28-41.mkv"
 
gst-launch-1.0 -e \
    ximagesrc display-name=:0.0 use-damage=false show-pointer=true startx=0 starty=284 endx=1919 endy=1483 \
        ! video/x-raw, framerate=25/1 \
        ! videoconvert \
        ! videorate \
        ! videoscale \
        ! video/x-raw, width=1920, height=1200 \
        ! x264enc qp-min=17 qp-max=17 speed-preset=superfast threads=8 \
        ! video/x-h264, profile=baseline \
        ! queue \
        ! mux. \
    pulsesrc device=alsa_output.pci-0000_00_1b.0.analog-stereo.monitor \
        ! audio/x-raw, channels=2 \
        ! queue \
        ! mix. \
    pulsesrc device=alsa_input.pci-0000_00_1b.0.analog-stereo \
        ! audio/x-raw, channels=2 \
        ! queue \
        ! mix. \
    adder name=mix \
        ! audioconvert \
        ! audiorate \
        ! vorbisenc \
        ! queue \
        ! mux. \
    matroskamux name=mux writing-app=vokoscreenNG_3.0.4 \
        ! filesink location="/home/efrem/Videos/vokoscreenNG-2020-05-20_23-28-41.mkv"

[vokoscreenNG] Stop record
