[vokoscreenNG] Version: 3.0.5
[vokoscreenNG] Locale: en_US
[vokoscreenNG] Log from: 2020-08-03 13:06:51
[vokoscreenNG] Country: United States
[vokoscreenNG] Qt: 5.15.0
[vokoscreenNG] GStreamer 1.16.2
[vokoscreenNG] Operating system: Arch Linux
[vokoscreenNG] CPU Architecture: x86_64
[vokoscreenNG] vokoscreenNG running as: wayland client
[vokoscreenNG] vokoscreenNG running on: wayland
[vokoscreenNG] Desktop: 
[vokoscreenNG] Icon-Theme: hicolor
[vokoscreenNG] Styles: (Windows, Fusion)
[vokoscreenNG] Qt-PluginsPath:      /usr/lib/qt/plugins
[vokoscreenNG] Qt-TranslationsPath: /usr/share/qt/translations
[vokoscreenNG] Qt-LibraryPath:      /usr/lib
[vokoscreenNG] Settings: /home/efrem/.config/vokoscreenNG/vokoscreenNG.ini
[vokoscreenNG] Log: /home/efrem/.config/vokoscreenNG/log/2020_08_03_13_06_51.log
[vokoscreenNG] CompositingManager running: false

[vokoscreenNG] [Audio] Found: Monitor of Built-in Audio Analog Stereo Device: alsa_output.pci-0000_00_14.2.analog-stereo.monitor

[vokoscreenNG] Symbols: + available, - not available
[vokoscreenNG] + matroskamux
[vokoscreenNG] + webmmux
[vokoscreenNG] + avimux
[vokoscreenNG] + mp4mux
[vokoscreenNG] + qtmux
[vokoscreenNG] - x264enc
[vokoscreenNG] - openh264enc
[vokoscreenNG] - vaapih264enc
[vokoscreenNG] - vaapimpeg2enc
[vokoscreenNG] + vp8enc
[vokoscreenNG] + vorbisenc
[vokoscreenNG] + flacenc
[vokoscreenNG] + opusenc
[vokoscreenNG] + lamemp3enc
[vokoscreenNG] - voaacenc

[vokoscreenNG] + ximagesrc
[vokoscreenNG] + pulsesrc
[vokoscreenNG] - pipewiresrc
[vokoscreenNG] + queue
[vokoscreenNG] + capsfilter
[vokoscreenNG] + videoconvert
[vokoscreenNG] + videorate
[vokoscreenNG] + audioconvert
[vokoscreenNG] + audiorate
[vokoscreenNG] + filesink
[vokoscreenNG] + videoscale
[vokoscreenNG] + h264parse
[vokoscreenNG] + audiomixer
[vokoscreenNG] + adder

[vokoscreenNG] Name from screen:  eDP-1
[vokoscreenNG] Screen available desktop width : 1600
[vokoscreenNG] Screen available desktop height: 900
[vokoscreenNG] DevicePixelRatio: 1  (Normal displays is 1, Retina display is 2)
[vokoscreenNG] Vertical refresh rate of the screen in Hz: 60.083
[vokoscreenNG] Screen orientation Qt::LandscapeOrientation
[vokoscreenNG] Color depth of the screen:  32
[vokoscreenNG] Model from screen:  0x0396
[vokoscreenNG] Manufactur from screen:  Unknown
[vokoscreenNG] SerialNumber from screen:  
[vokoscreenNG] ItemText in Combobox: eDP-1 :  1600 x 900
[vokoscreenNG] ItemData in Combobox: x=0 y=0 with=1600 height=900

[vokoscreenNG] [Camera] Found: TOSHIBA Web Camera - HD: TOSHIB /dev/video0
[vokoscreenNG] Desktop session is a Wayland session
